Determining if the pthread_create exist failed with the following output:
Change Dir: /home/timothee/Documents/Docs_X/INF/INF574/Projet_ShapeRetrieval/build/CMakeFiles/CMakeTmp

Run Build Command:"/usr/bin/make" "cmTC_36325/fast"
/usr/bin/make -f CMakeFiles/cmTC_36325.dir/build.make CMakeFiles/cmTC_36325.dir/build
make[1]: Entering directory '/home/timothee/Documents/Docs_X/INF/INF574/Projet_ShapeRetrieval/build/CMakeFiles/CMakeTmp'
Building C object CMakeFiles/cmTC_36325.dir/CheckSymbolExists.c.o
/usr/bin/cc   -fPIC    -o CMakeFiles/cmTC_36325.dir/CheckSymbolExists.c.o   -c /home/timothee/Documents/Docs_X/INF/INF574/Projet_ShapeRetrieval/build/CMakeFiles/CMakeTmp/CheckSymbolExists.c
Linking C executable cmTC_36325
/usr/bin/cmake -E cmake_link_script CMakeFiles/cmTC_36325.dir/link.txt --verbose=1
/usr/bin/cc  -fPIC     -rdynamic CMakeFiles/cmTC_36325.dir/CheckSymbolExists.c.o  -o cmTC_36325 
CMakeFiles/cmTC_36325.dir/CheckSymbolExists.c.o: In function `main':
CheckSymbolExists.c:(.text+0x1b): undefined reference to `pthread_create'
collect2: error: ld returned 1 exit status
CMakeFiles/cmTC_36325.dir/build.make:97: recipe for target 'cmTC_36325' failed
make[1]: *** [cmTC_36325] Error 1
make[1]: Leaving directory '/home/timothee/Documents/Docs_X/INF/INF574/Projet_ShapeRetrieval/build/CMakeFiles/CMakeTmp'
Makefile:126: recipe for target 'cmTC_36325/fast' failed
make: *** [cmTC_36325/fast] Error 2

File /home/timothee/Documents/Docs_X/INF/INF574/Projet_ShapeRetrieval/build/CMakeFiles/CMakeTmp/CheckSymbolExists.c:
/* */
#include <pthread.h>

int main(int argc, char** argv)
{
  (void)argv;
#ifndef pthread_create
  return ((int*)(&pthread_create))[argc];
#else
  (void)argc;
  return 0;
#endif
}

Determining if the function pthread_create exists in the pthreads failed with the following output:
Change Dir: /home/timothee/Documents/Docs_X/INF/INF574/Projet_ShapeRetrieval/build/CMakeFiles/CMakeTmp

Run Build Command:"/usr/bin/make" "cmTC_b4414/fast"
/usr/bin/make -f CMakeFiles/cmTC_b4414.dir/build.make CMakeFiles/cmTC_b4414.dir/build
make[1]: Entering directory '/home/timothee/Documents/Docs_X/INF/INF574/Projet_ShapeRetrieval/build/CMakeFiles/CMakeTmp'
Building C object CMakeFiles/cmTC_b4414.dir/CheckFunctionExists.c.o
/usr/bin/cc   -fPIC -DCHECK_FUNCTION_EXISTS=pthread_create   -o CMakeFiles/cmTC_b4414.dir/CheckFunctionExists.c.o   -c /usr/share/cmake-3.10/Modules/CheckFunctionExists.c
Linking C executable cmTC_b4414
/usr/bin/cmake -E cmake_link_script CMakeFiles/cmTC_b4414.dir/link.txt --verbose=1
/usr/bin/cc  -fPIC -DCHECK_FUNCTION_EXISTS=pthread_create    -rdynamic CMakeFiles/cmTC_b4414.dir/CheckFunctionExists.c.o  -o cmTC_b4414 -lpthreads 
/usr/bin/ld: cannot find -lpthreads
collect2: error: ld returned 1 exit status
CMakeFiles/cmTC_b4414.dir/build.make:97: recipe for target 'cmTC_b4414' failed
make[1]: *** [cmTC_b4414] Error 1
make[1]: Leaving directory '/home/timothee/Documents/Docs_X/INF/INF574/Projet_ShapeRetrieval/build/CMakeFiles/CMakeTmp'
Makefile:126: recipe for target 'cmTC_b4414/fast' failed
make: *** [cmTC_b4414/fast] Error 2


